<?xml version="1.0" encoding="UTF-8"?>
<!-- Generated by org.testng.reporters.JUnitReportReporter -->
<testsuite hostname="C02Z42EZLVDM" failures="0" tests="7" name="AddPetAndFindStatus" time="20.670" errors="0" timestamp="2021-06-28T17:47:14 IST" skipped="0">
  <testcase classname="AddPetAndFindStatus" name="buildAndAddPetToAvailable" time="1.734"/>
  <testcase classname="AddPetAndFindStatus" name="findStatusInAvailable" time="1.677"/>
  <testcase classname="AddPetAndFindStatus" name="buildAndAddPetToPending" time="1.817"/>
  <testcase classname="AddPetAndFindStatus" name="findStatusInPending" time="1.757"/>
  <testcase classname="AddPetAndFindStatus" name="buildAndAddPetToSold" time="1.813"/>
  <testcase classname="AddPetAndFindStatus" name="findStatusAndDeleteCategory" time="10.322"/>
  <testcase classname="AddPetAndFindStatus" name="findStatusInSold" time="1.550"/>
</testsuite> <!-- AddPetAndFindStatus -->
