<?xml version="1.0" encoding="UTF-8"?>
<!-- Generated by org.testng.reporters.JUnitReportReporter -->
<testsuite skipped="0" hostname="C02Z42EZLVDM" name="AddPetAndFindStatus" tests="6" failures="0" timestamp="26 Jun 2021 19:54:35 GMT" time="7.807" errors="0">
  <testcase name="addNewAvailablePet" time="1.270" classname="AddPetAndFindStatus"/>
  <testcase name="findStatusByAvailable" time="1.530" classname="AddPetAndFindStatus"/>
  <testcase name="addNewPendingPet" time="1.248" classname="AddPetAndFindStatus"/>
  <testcase name="findStatusByPending" time="1.237" classname="AddPetAndFindStatus"/>
  <testcase name="addNewSoldPet" time="1.138" classname="AddPetAndFindStatus"/>
  <testcase name="findStatusBySold" time="1.384" classname="AddPetAndFindStatus"/>
</testsuite> <!-- AddPetAndFindStatus -->
